{"level":30,"time":"2026-06-04T22:07:39.945Z","service":"Gateway","environment":"production","name":"gateway","host":"0.0.0.0","port":3407,"msg":"Gateway listening"}
{"level":30,"time":"2026-06-04T22:19:34.262Z","service":"Gateway","environment":"production","name":"gateway","requestId":"0ea0487a-7f71-4fbe-a592-6388c16b5193","method":"POST","path":"/api/auth/login","statusCode":200,"durationMs":760,"msg":"request completed"}
{"level":30,"time":"2026-06-04T22:51:28.322Z","service":"Gateway","environment":"production","name":"gateway","requestId":"ed7e8587-b149-4e87-8f05-67ae9eddf26f","method":"POST","path":"/api/auth/refresh","statusCode":200,"durationMs":34,"msg":"request completed"}
{"level":30,"time":"2026-06-04T23:01:44.033Z","service":"Gateway","environment":"production","name":"gateway","host":"0.0.0.0","port":3407,"msg":"Gateway listening"}
{"level":30,"time":"2026-06-04T23:02:02.005Z","service":"Gateway","environment":"production","name":"gateway","requestId":"771d20f7-4880-484e-8238-07507cd8f021","method":"POST","path":"/api/auth/login","statusCode":200,"durationMs":834,"msg":"request completed"}
{"level":30,"time":"2026-06-04T23:19:33.876Z","service":"Gateway","environment":"production","name":"gateway","host":"0.0.0.0","port":3407,"msg":"Gateway listening"}
{"level":30,"time":"2026-06-04T23:20:56.057Z","service":"Gateway","environment":"production","name":"gateway","requestId":"ab7779b1-90e2-4e2f-8eaf-a3e8c99f41b8","method":"POST","path":"/api/auth/login","statusCode":200,"durationMs":696,"msg":"request completed"}
{"level":30,"time":"2026-06-04T23:50:29.406Z","service":"Gateway","environment":"production","name":"gateway","requestId":"262941ea-fc70-4feb-8e5e-b8a5df078ae6","method":"POST","path":"/api/auth/refresh","statusCode":200,"durationMs":27,"msg":"request completed"}
{"level":30,"time":"2026-06-05T00:29:19.279Z","service":"Gateway","environment":"production","name":"gateway","host":"0.0.0.0","port":3407,"msg":"Gateway listening"}
{"level":30,"time":"2026-06-05T00:29:35.896Z","service":"Gateway","environment":"production","name":"gateway","requestId":"7f82e5af-ecb9-489e-8507-16cfbc5131bb","method":"GET","path":"/health/live","statusCode":200,"durationMs":16,"msg":"request completed"}
{"level":30,"time":"2026-06-05T00:29:40.350Z","service":"Gateway","environment":"production","name":"gateway","requestId":"d7531b54-0d84-4da8-be04-589862868cef","method":"POST","path":"/api/auth/login","statusCode":200,"durationMs":696,"msg":"request completed"}
{"level":30,"time":"2026-06-05T00:33:33.450Z","service":"Gateway","environment":"production","name":"gateway","requestId":"47730e03-f1d0-4bb0-8f8d-3349f8620e1c","method":"POST","path":"/api/auth/login","statusCode":200,"durationMs":423,"msg":"request completed"}
{"level":30,"time":"2026-06-05T00:35:26.028Z","service":"Gateway","environment":"production","name":"gateway","requestId":"806527ba-f083-47eb-8a5d-c1ef5865d1d2","method":"POST","path":"/api/auth/login","statusCode":200,"durationMs":410,"msg":"request completed"}
{"level":30,"time":"2026-06-05T00:36:03.605Z","service":"Gateway","environment":"production","name":"gateway","host":"0.0.0.0","port":3407,"msg":"Gateway listening"}
{"level":30,"time":"2026-06-05T00:36:15.135Z","service":"Gateway","environment":"production","name":"gateway","requestId":"b03c4c64-f1ca-4338-9fbb-013f3b7d0447","method":"POST","path":"/api/auth/login","statusCode":200,"durationMs":725,"msg":"request completed"}
{"level":30,"time":"2026-06-05T00:37:30.576Z","service":"Gateway","environment":"production","name":"gateway","requestId":"b0d0d252-5741-4259-baf8-426b770fd4f6","method":"POST","path":"/api/chat/stream","statusCode":200,"durationMs":75367,"msg":"request completed"}
{"level":30,"time":"2026-06-05T00:40:49.796Z","service":"Gateway","environment":"production","name":"gateway","requestId":"758756ad-66f1-4dc9-8cf9-7d37a9a2e695","method":"GET","path":"/api/auth/me","statusCode":200,"durationMs":42,"msg":"request completed"}
{"level":30,"time":"2026-06-05T00:40:58.636Z","service":"Gateway","environment":"production","name":"gateway","requestId":"bc0fc5da-19c0-4d8b-8144-3bbef750c883","method":"POST","path":"/api/auth/login","statusCode":200,"durationMs":407,"msg":"request completed"}
{"level":30,"time":"2026-06-05T00:41:01.997Z","service":"Gateway","environment":"production","name":"gateway","requestId":"620c4b3f-35f2-4dbf-b5d6-0dc30af1d642","method":"GET","path":"/api/auth/me","statusCode":200,"durationMs":12,"msg":"request completed"}
{"level":30,"time":"2026-06-05T00:41:03.938Z","service":"Gateway","environment":"production","name":"gateway","requestId":"5732d986-bb3f-4911-9497-9d4952e89851","method":"GET","path":"/api/auth/me","statusCode":200,"durationMs":10,"msg":"request completed"}
{"level":30,"time":"2026-06-05T00:41:40.172Z","service":"Gateway","environment":"production","name":"gateway","requestId":"436e279b-65de-4525-9d5c-bc125c5a9467","method":"POST","path":"/api/chat/stream","statusCode":200,"durationMs":30283,"msg":"request completed"}
{"level":30,"time":"2026-06-05T00:41:52.102Z","service":"Gateway","environment":"production","name":"gateway","requestId":"4c0f673d-d878-4c59-a907-5dde5bd88901","method":"GET","path":"/api/auth/me","statusCode":200,"durationMs":73,"msg":"request completed"}
{"level":30,"time":"2026-06-05T00:41:56.087Z","service":"Gateway","environment":"production","name":"gateway","requestId":"6df509a4-c34a-4aeb-a172-bbada04b0e68","method":"GET","path":"/api/auth/me","statusCode":200,"durationMs":22,"msg":"request completed"}
{"level":30,"time":"2026-06-05T00:42:12.877Z","service":"Gateway","environment":"production","name":"gateway","requestId":"772f7cec-2400-4705-a523-4e5fcaf8e1af","method":"GET","path":"/api/auth/me","statusCode":200,"durationMs":71,"msg":"request completed"}
{"level":30,"time":"2026-06-05T00:42:17.812Z","service":"Gateway","environment":"production","name":"gateway","requestId":"9dd2d6cf-9d67-4ee9-8a7a-18e24a25c016","method":"GET","path":"/api/auth/me","statusCode":200,"durationMs":9,"msg":"request completed"}
{"level":30,"time":"2026-06-05T00:46:47.192Z","service":"Gateway","environment":"production","name":"gateway","requestId":"f7dd0fef-0dfa-4ca6-b537-14336f4c0f12","method":"POST","path":"/api/chat/stream","statusCode":200,"durationMs":246905,"msg":"request completed"}
{"level":30,"time":"2026-06-05T00:48:26.051Z","service":"Gateway","environment":"production","name":"gateway","requestId":"113a9f82-d17c-4b12-9246-34f3f7d6cc3d","method":"POST","path":"/api/chat/stream","statusCode":200,"durationMs":300012,"msg":"request completed"}
{"level":30,"time":"2026-06-05T00:53:58.244Z","service":"Gateway","environment":"production","name":"gateway","requestId":"59b0d5ae-38c6-4bc5-8129-f7148e62363e","method":"GET","path":"/api/auth/me","statusCode":200,"durationMs":24,"msg":"request completed"}
{"level":30,"time":"2026-06-05T00:54:01.200Z","service":"Gateway","environment":"production","name":"gateway","requestId":"a8039c4d-158c-461f-b526-9b23098575ce","method":"GET","path":"/api/auth/me","statusCode":200,"durationMs":10,"msg":"request completed"}
{"level":30,"time":"2026-06-05T01:19:07.287Z","service":"Gateway","environment":"production","name":"gateway","host":"0.0.0.0","port":3407,"msg":"Gateway listening"}
{"level":30,"time":"2026-06-05T01:19:43.584Z","service":"Gateway","environment":"production","name":"gateway","requestId":"57755a8c-19cc-4d9f-9cc7-fa4bf6543a1a","method":"GET","path":"/api/auth/me","statusCode":200,"durationMs":384,"msg":"request completed"}
{"level":30,"time":"2026-06-05T01:19:44.119Z","service":"Gateway","environment":"production","name":"gateway","requestId":"e6505307-2fe6-456e-b3f7-9ee49c293427","method":"GET","path":"/health/live","statusCode":200,"durationMs":3,"msg":"request completed"}
{"level":30,"time":"2026-06-05T01:19:59.342Z","service":"Gateway","environment":"production","name":"gateway","requestId":"02d9659b-e96a-4ae4-bff3-627263415dd1","method":"GET","path":"/metrics","statusCode":200,"durationMs":1,"msg":"request completed"}
{"level":30,"time":"2026-06-05T01:20:27.896Z","service":"Gateway","environment":"production","name":"gateway","requestId":"e1beb003-0e79-493b-90cd-35b9f10ee041","method":"GET","path":"/metrics","statusCode":200,"durationMs":2,"msg":"request completed"}
{"level":30,"time":"2026-06-05T01:20:27.899Z","service":"Gateway","environment":"production","name":"gateway","requestId":"400ed209-92bf-4efa-866e-8acfb721e344","method":"GET","path":"/health/live","statusCode":200,"durationMs":1,"msg":"request completed"}
{"level":30,"time":"2026-06-05T01:20:32.573Z","service":"Gateway","environment":"production","name":"gateway","requestId":"76747606-2435-4118-8317-3184cc7edd5d","method":"GET","path":"/metrics","statusCode":200,"durationMs":0,"msg":"request completed"}
{"level":30,"time":"2026-06-05T01:20:32.653Z","service":"Gateway","environment":"production","name":"gateway","requestId":"0b0d8e94-604c-4dff-b98e-b939bb02c59e","method":"GET","path":"/health/live","statusCode":200,"durationMs":1,"msg":"request completed"}
{"level":30,"time":"2026-06-05T01:39:59.932Z","service":"Gateway","environment":"production","name":"gateway","requestId":"1b250796-ff4f-4151-9515-e47c6ad38992","method":"POST","path":"/api/auth/refresh","statusCode":200,"durationMs":79,"msg":"request completed"}
{"level":30,"time":"2026-06-05T01:40:33.565Z","service":"Gateway","environment":"production","name":"gateway","host":"0.0.0.0","port":3407,"msg":"Gateway listening"}
{"level":30,"time":"2026-06-05T01:44:49.676Z","service":"Gateway","environment":"production","name":"gateway","requestId":"2b286747-9d1f-485a-b85b-d6dfc6ca3763","method":"GET","path":"/health","statusCode":200,"durationMs":550,"msg":"request completed"}
{"level":30,"time":"2026-06-05T01:45:05.455Z","service":"Gateway","environment":"production","name":"gateway","requestId":"88f4a36f-f6e2-4d72-864a-ce87a4479fbe","method":"GET","path":"/api/auth/me","statusCode":304,"durationMs":339,"msg":"request completed"}
{"level":30,"time":"2026-06-05T01:45:05.911Z","service":"Gateway","environment":"production","name":"gateway","requestId":"e5586c87-bfe3-4d16-89cd-0fe78abcf751","method":"GET","path":"/health/live","statusCode":200,"durationMs":1,"msg":"request completed"}
{"level":30,"time":"2026-06-05T01:45:48.911Z","service":"Gateway","environment":"production","name":"gateway","requestId":"4389f3f6-a736-480d-aab3-403b8db54c2c","method":"GET","path":"/metrics","statusCode":200,"durationMs":4,"msg":"request completed"}
{"level":30,"time":"2026-06-05T01:45:48.920Z","service":"Gateway","environment":"production","name":"gateway","requestId":"878c8284-211c-4f3c-9b56-aefa2d4e94db","method":"GET","path":"/health/live","statusCode":200,"durationMs":2,"msg":"request completed"}
{"level":30,"time":"2026-06-05T01:58:33.928Z","service":"Gateway","environment":"production","name":"gateway","host":"0.0.0.0","port":3407,"msg":"Gateway listening"}
{"level":30,"time":"2026-06-05T02:03:14.270Z","service":"Gateway","environment":"production","name":"gateway","requestId":"d2d77992-f26f-418d-aa42-1bbf15870ce4","method":"GET","path":"/metrics","statusCode":200,"durationMs":17,"msg":"request completed"}
{"level":30,"time":"2026-06-05T02:03:14.273Z","service":"Gateway","environment":"production","name":"gateway","requestId":"ae95d411-d943-4078-91a7-80d1be4fc7cf","method":"GET","path":"/health/live","statusCode":200,"durationMs":1,"msg":"request completed"}
{"level":30,"time":"2026-06-05T02:03:21.791Z","service":"Gateway","environment":"production","name":"gateway","requestId":"5c9610f5-0e05-46d9-b0f6-fde46a890cc8","method":"GET","path":"/api/auth/me","statusCode":304,"durationMs":258,"msg":"request completed"}
{"level":30,"time":"2026-06-05T02:03:22.281Z","service":"Gateway","environment":"production","name":"gateway","requestId":"63da44f0-d7d1-4cf6-a1e9-32b7ce8d78a5","method":"GET","path":"/health/live","statusCode":200,"durationMs":1,"msg":"request completed"}
{"level":30,"time":"2026-06-05T02:03:28.334Z","service":"Gateway","environment":"production","name":"gateway","requestId":"0a73f417-1dc8-477c-9e55-9fd66537fd94","method":"GET","path":"/api/auth/me","statusCode":304,"durationMs":14,"msg":"request completed"}
{"level":30,"time":"2026-06-05T02:03:28.712Z","service":"Gateway","environment":"production","name":"gateway","requestId":"81c12f9d-fd24-4563-8f2b-9deeb0927891","method":"GET","path":"/health/live","statusCode":200,"durationMs":19,"msg":"request completed"}
{"level":30,"time":"2026-06-05T02:03:44.253Z","service":"Gateway","environment":"production","name":"gateway","requestId":"17fb8fef-7d24-4fae-8f96-cfff4dd4fb6d","method":"GET","path":"/metrics","statusCode":200,"durationMs":8,"msg":"request completed"}
{"level":30,"time":"2026-06-05T02:03:59.269Z","service":"Gateway","environment":"production","name":"gateway","requestId":"38c69fb1-50d3-4da8-91fd-e3496d91ae00","method":"GET","path":"/metrics","statusCode":200,"durationMs":1,"msg":"request completed"}
{"level":30,"time":"2026-06-05T02:04:14.256Z","service":"Gateway","environment":"production","name":"gateway","requestId":"4773f901-59f8-4ca1-870d-e684d0bba27f","method":"GET","path":"/metrics","statusCode":200,"durationMs":7,"msg":"request completed"}
{"level":30,"time":"2026-06-05T02:04:29.268Z","service":"Gateway","environment":"production","name":"gateway","requestId":"7f99e46b-06f3-42f4-aeea-e276704a430e","method":"GET","path":"/metrics","statusCode":200,"durationMs":2,"msg":"request completed"}
{"level":30,"time":"2026-06-05T02:04:44.416Z","service":"Gateway","environment":"production","name":"gateway","requestId":"a335ad01-166b-4b9f-bee2-d0837a7f454a","method":"GET","path":"/metrics","statusCode":200,"durationMs":1,"msg":"request completed"}
{"level":30,"time":"2026-06-05T02:04:59.241Z","service":"Gateway","environment":"production","name":"gateway","requestId":"1542b4b4-7a49-44e1-85c6-13242fdabbf9","method":"GET","path":"/metrics","statusCode":200,"durationMs":1,"msg":"request completed"}
{"level":30,"time":"2026-06-05T02:05:14.259Z","service":"Gateway","environment":"production","name":"gateway","requestId":"c6acd6dc-c1a6-45c0-ba36-687e070d9631","method":"GET","path":"/metrics","statusCode":200,"durationMs":9,"msg":"request completed"}
{"level":30,"time":"2026-06-05T02:05:29.238Z","service":"Gateway","environment":"production","name":"gateway","requestId":"7d7ba360-9ff7-41d8-8424-10d781b40ae2","method":"GET","path":"/metrics","statusCode":200,"durationMs":1,"msg":"request completed"}
{"level":30,"time":"2026-06-05T02:06:11.244Z","service":"Gateway","environment":"production","name":"gateway","requestId":"6201c367-c4a3-445a-95f2-761d58a0ef5b","method":"GET","path":"/metrics","statusCode":200,"durationMs":2,"msg":"request completed"}
{"level":30,"time":"2026-06-05T02:07:11.551Z","service":"Gateway","environment":"production","name":"gateway","requestId":"996664e0-b7ad-49ac-84ef-9a2c47b1ccc4","method":"GET","path":"/metrics","statusCode":200,"durationMs":2,"msg":"request completed"}
{"level":30,"time":"2026-06-05T02:08:11.269Z","service":"Gateway","environment":"production","name":"gateway","requestId":"8b7e9e56-2667-4cea-a553-231876bdce48","method":"GET","path":"/metrics","statusCode":200,"durationMs":12,"msg":"request completed"}
{"level":30,"time":"2026-06-05T02:09:11.245Z","service":"Gateway","environment":"production","name":"gateway","requestId":"94a22761-3753-47f9-a883-9d7f4366e886","method":"GET","path":"/metrics","statusCode":200,"durationMs":0,"msg":"request completed"}
{"level":30,"time":"2026-06-05T02:10:11.246Z","service":"Gateway","environment":"production","name":"gateway","requestId":"a357cfff-222d-4411-b6f8-454b37d01be7","method":"GET","path":"/metrics","statusCode":200,"durationMs":1,"msg":"request completed"}
{"level":30,"time":"2026-06-05T02:11:11.491Z","service":"Gateway","environment":"production","name":"gateway","requestId":"ce89cec8-101f-4786-a4ae-6a2632bb93e4","method":"GET","path":"/metrics","statusCode":200,"durationMs":1,"msg":"request completed"}
{"level":30,"time":"2026-06-05T02:12:11.254Z","service":"Gateway","environment":"production","name":"gateway","requestId":"628917cb-1420-484e-91ca-5d6c941bd86c","method":"GET","path":"/metrics","statusCode":200,"durationMs":3,"msg":"request completed"}
{"level":30,"time":"2026-06-05T02:13:11.318Z","service":"Gateway","environment":"production","name":"gateway","requestId":"4714d7d2-2a60-4bc8-8887-c297dbaf973e","method":"GET","path":"/metrics","statusCode":200,"durationMs":1,"msg":"request completed"}
{"level":30,"time":"2026-06-05T02:14:11.415Z","service":"Gateway","environment":"production","name":"gateway","requestId":"22deb882-096c-44e3-baa2-780abebea5d3","method":"GET","path":"/metrics","statusCode":200,"durationMs":2,"msg":"request completed"}
{"level":30,"time":"2026-06-05T02:15:11.249Z","service":"Gateway","environment":"production","name":"gateway","requestId":"b55b267b-c8e1-4718-8ff2-dd36a7422d60","method":"GET","path":"/metrics","statusCode":200,"durationMs":1,"msg":"request completed"}
{"level":30,"time":"2026-06-05T02:16:11.487Z","service":"Gateway","environment":"production","name":"gateway","requestId":"4f7b269d-e9a5-4c69-b054-06070471fe28","method":"GET","path":"/metrics","statusCode":200,"durationMs":0,"msg":"request completed"}
{"level":30,"time":"2026-06-05T02:17:11.270Z","service":"Gateway","environment":"production","name":"gateway","requestId":"f48091af-1747-4c9d-8dfe-4736063c398e","method":"GET","path":"/metrics","statusCode":200,"durationMs":1,"msg":"request completed"}
{"level":30,"time":"2026-06-05T02:18:13.323Z","service":"Gateway","environment":"production","name":"gateway","requestId":"9e46018a-36c4-4a7a-aeb3-f0b203a7758e","method":"GET","path":"/metrics","statusCode":200,"durationMs":2,"msg":"request completed"}
{"level":30,"time":"2026-06-05T02:19:11.285Z","service":"Gateway","environment":"production","name":"gateway","requestId":"e3af7c84-d493-47d2-a963-45592387ddda","method":"GET","path":"/metrics","statusCode":200,"durationMs":1,"msg":"request completed"}
{"level":30,"time":"2026-06-05T02:20:11.272Z","service":"Gateway","environment":"production","name":"gateway","requestId":"d9d1fbb2-9918-40f6-9079-838e9884bc95","method":"GET","path":"/metrics","statusCode":200,"durationMs":1,"msg":"request completed"}
{"level":30,"time":"2026-06-05T02:21:11.325Z","service":"Gateway","environment":"production","name":"gateway","requestId":"4cb131f1-23c8-4013-baae-392cb3f8c20e","method":"GET","path":"/metrics","statusCode":200,"durationMs":31,"msg":"request completed"}
{"level":30,"time":"2026-06-05T02:22:11.479Z","service":"Gateway","environment":"production","name":"gateway","requestId":"9a93831e-d928-4e4f-9814-ee7a6e4719bb","method":"GET","path":"/metrics","statusCode":200,"durationMs":1,"msg":"request completed"}
{"level":30,"time":"2026-06-05T02:23:11.270Z","service":"Gateway","environment":"production","name":"gateway","requestId":"19c7586b-5a86-4be9-a40b-85d679134714","method":"GET","path":"/metrics","statusCode":200,"durationMs":6,"msg":"request completed"}
{"level":30,"time":"2026-06-05T02:24:11.267Z","service":"Gateway","environment":"production","name":"gateway","requestId":"ed0a9689-f420-4dbb-9bb1-7655786f8a74","method":"GET","path":"/metrics","statusCode":200,"durationMs":0,"msg":"request completed"}
{"level":30,"time":"2026-06-05T02:25:11.250Z","service":"Gateway","environment":"production","name":"gateway","requestId":"f73fb51d-44a1-41be-b5d3-20a723f8412d","method":"GET","path":"/metrics","statusCode":200,"durationMs":1,"msg":"request completed"}
{"level":30,"time":"2026-06-05T02:26:11.258Z","service":"Gateway","environment":"production","name":"gateway","requestId":"1441e619-9281-4cfe-adb6-a60974fd2434","method":"GET","path":"/metrics","statusCode":200,"durationMs":1,"msg":"request completed"}
{"level":30,"time":"2026-06-05T02:27:11.256Z","service":"Gateway","environment":"production","name":"gateway","requestId":"41ffb48d-8df0-41cd-90a4-3f2b30bf7c97","method":"GET","path":"/metrics","statusCode":200,"durationMs":1,"msg":"request completed"}
{"level":30,"time":"2026-06-05T02:28:11.256Z","service":"Gateway","environment":"production","name":"gateway","requestId":"3691c47a-2db4-47eb-87a6-38375b328fdf","method":"GET","path":"/metrics","statusCode":200,"durationMs":1,"msg":"request completed"}
